CRITICAL - 2022-04-01 10:29:41 --> syntax error, unexpected token "endforeach", expecting end of file
#0 C:\xampp\htdocs\Actividad_Codelgniter\system\View\View.php(213): CodeIgniter\View\View->CodeIgniter\View\{closure}()
#1 C:\xampp\htdocs\Actividad_Codelgniter\system\Common.php(1089): CodeIgniter\View\View->render('autores/autor', Array, true)
#2 C:\xampp\htdocs\Actividad_Codelgniter\app\Controllers\Autores.php(12): view('autores/autor', Array)
#3 C:\xampp\htdocs\Actividad_Codelgniter\system\CodeIgniter.php(832): App\Controllers\Autores->cargarAutor()
#4 C:\xampp\htdocs\Actividad_Codelgniter\system\CodeIgniter.php(419): CodeIgniter\CodeIgniter->runController(Object(App\Controllers\Autores))
#5 C:\xampp\htdocs\Actividad_Codelgniter\system\CodeIgniter.php(326): CodeIgniter\CodeIgniter->handleRequest(NULL, Object(Config\Cache), false)
#6 C:\xampp\htdocs\Actividad_Codelgniter\public\index.php(37): CodeIgniter\CodeIgniter->run()
#7 {main}
CRITICAL - 2022-04-01 10:35:15 --> syntax error, unexpected token "endforeach", expecting end of file
#0 C:\xampp\htdocs\Actividad_Codelgniter\system\View\View.php(213): CodeIgniter\View\View->CodeIgniter\View\{closure}()
#1 C:\xampp\htdocs\Actividad_Codelgniter\system\Common.php(1089): CodeIgniter\View\View->render('autores/autor', Array, true)
#2 C:\xampp\htdocs\Actividad_Codelgniter\app\Controllers\Autores.php(12): view('autores/autor', Array)
#3 C:\xampp\htdocs\Actividad_Codelgniter\system\CodeIgniter.php(832): App\Controllers\Autores->cargarAutor()
#4 C:\xampp\htdocs\Actividad_Codelgniter\system\CodeIgniter.php(419): CodeIgniter\CodeIgniter->runController(Object(App\Controllers\Autores))
#5 C:\xampp\htdocs\Actividad_Codelgniter\system\CodeIgniter.php(326): CodeIgniter\CodeIgniter->handleRequest(NULL, Object(Config\Cache), false)
#6 C:\xampp\htdocs\Actividad_Codelgniter\public\index.php(37): CodeIgniter\CodeIgniter->run()
#7 {main}
CRITICAL - 2022-04-01 10:47:38 --> syntax error, unexpected token "endforeach", expecting end of file
#0 C:\xampp\htdocs\Actividad_Codelgniter\system\View\View.php(213): CodeIgniter\View\View->CodeIgniter\View\{closure}()
#1 C:\xampp\htdocs\Actividad_Codelgniter\system\Common.php(1089): CodeIgniter\View\View->render('autores/autor', Array, true)
#2 C:\xampp\htdocs\Actividad_Codelgniter\app\Controllers\Autores.php(12): view('autores/autor', Array)
#3 C:\xampp\htdocs\Actividad_Codelgniter\system\CodeIgniter.php(832): App\Controllers\Autores->cargarAutor()
#4 C:\xampp\htdocs\Actividad_Codelgniter\system\CodeIgniter.php(419): CodeIgniter\CodeIgniter->runController(Object(App\Controllers\Autores))
#5 C:\xampp\htdocs\Actividad_Codelgniter\system\CodeIgniter.php(326): CodeIgniter\CodeIgniter->handleRequest(NULL, Object(Config\Cache), false)
#6 C:\xampp\htdocs\Actividad_Codelgniter\public\index.php(37): CodeIgniter\CodeIgniter->run()
#7 {main}
CRITICAL - 2022-04-01 10:47:40 --> syntax error, unexpected token "endforeach", expecting end of file
#0 C:\xampp\htdocs\Actividad_Codelgniter\system\View\View.php(213): CodeIgniter\View\View->CodeIgniter\View\{closure}()
#1 C:\xampp\htdocs\Actividad_Codelgniter\system\Common.php(1089): CodeIgniter\View\View->render('autores/autor', Array, true)
#2 C:\xampp\htdocs\Actividad_Codelgniter\app\Controllers\Autores.php(12): view('autores/autor', Array)
#3 C:\xampp\htdocs\Actividad_Codelgniter\system\CodeIgniter.php(832): App\Controllers\Autores->cargarAutor()
#4 C:\xampp\htdocs\Actividad_Codelgniter\system\CodeIgniter.php(419): CodeIgniter\CodeIgniter->runController(Object(App\Controllers\Autores))
#5 C:\xampp\htdocs\Actividad_Codelgniter\system\CodeIgniter.php(326): CodeIgniter\CodeIgniter->handleRequest(NULL, Object(Config\Cache), false)
#6 C:\xampp\htdocs\Actividad_Codelgniter\public\index.php(37): CodeIgniter\CodeIgniter->run()
#7 {main}
CRITICAL - 2022-04-01 10:47:41 --> syntax error, unexpected token "endforeach", expecting end of file
#0 C:\xampp\htdocs\Actividad_Codelgniter\system\View\View.php(213): CodeIgniter\View\View->CodeIgniter\View\{closure}()
#1 C:\xampp\htdocs\Actividad_Codelgniter\system\Common.php(1089): CodeIgniter\View\View->render('autores/autor', Array, true)
#2 C:\xampp\htdocs\Actividad_Codelgniter\app\Controllers\Autores.php(12): view('autores/autor', Array)
#3 C:\xampp\htdocs\Actividad_Codelgniter\system\CodeIgniter.php(832): App\Controllers\Autores->cargarAutor()
#4 C:\xampp\htdocs\Actividad_Codelgniter\system\CodeIgniter.php(419): CodeIgniter\CodeIgniter->runController(Object(App\Controllers\Autores))
#5 C:\xampp\htdocs\Actividad_Codelgniter\system\CodeIgniter.php(326): CodeIgniter\CodeIgniter->handleRequest(NULL, Object(Config\Cache), false)
#6 C:\xampp\htdocs\Actividad_Codelgniter\public\index.php(37): CodeIgniter\CodeIgniter->run()
#7 {main}
CRITICAL - 2022-04-01 10:47:41 --> syntax error, unexpected token "endforeach", expecting end of file
#0 C:\xampp\htdocs\Actividad_Codelgniter\system\View\View.php(213): CodeIgniter\View\View->CodeIgniter\View\{closure}()
#1 C:\xampp\htdocs\Actividad_Codelgniter\system\Common.php(1089): CodeIgniter\View\View->render('autores/autor', Array, true)
#2 C:\xampp\htdocs\Actividad_Codelgniter\app\Controllers\Autores.php(12): view('autores/autor', Array)
#3 C:\xampp\htdocs\Actividad_Codelgniter\system\CodeIgniter.php(832): App\Controllers\Autores->cargarAutor()
#4 C:\xampp\htdocs\Actividad_Codelgniter\system\CodeIgniter.php(419): CodeIgniter\CodeIgniter->runController(Object(App\Controllers\Autores))
#5 C:\xampp\htdocs\Actividad_Codelgniter\system\CodeIgniter.php(326): CodeIgniter\CodeIgniter->handleRequest(NULL, Object(Config\Cache), false)
#6 C:\xampp\htdocs\Actividad_Codelgniter\public\index.php(37): CodeIgniter\CodeIgniter->run()
#7 {main}
CRITICAL - 2022-04-01 18:37:45 --> syntax error, unexpected token "endforeach", expecting end of file
#0 C:\xampp\htdocs\Actividad_Codelgniter\system\View\View.php(213): CodeIgniter\View\View->CodeIgniter\View\{closure}()
#1 C:\xampp\htdocs\Actividad_Codelgniter\system\Common.php(1089): CodeIgniter\View\View->render('autores/autor', Array, true)
#2 C:\xampp\htdocs\Actividad_Codelgniter\app\Controllers\Autores.php(12): view('autores/autor', Array)
#3 C:\xampp\htdocs\Actividad_Codelgniter\system\CodeIgniter.php(832): App\Controllers\Autores->cargarAutor()
#4 C:\xampp\htdocs\Actividad_Codelgniter\system\CodeIgniter.php(419): CodeIgniter\CodeIgniter->runController(Object(App\Controllers\Autores))
#5 C:\xampp\htdocs\Actividad_Codelgniter\system\CodeIgniter.php(326): CodeIgniter\CodeIgniter->handleRequest(NULL, Object(Config\Cache), false)
#6 C:\xampp\htdocs\Actividad_Codelgniter\public\index.php(37): CodeIgniter\CodeIgniter->run()
#7 {main}
