CRITICAL - 2022-04-18 08:49:17 --> Undefined array key "codigo_empleado"
#0 C:\xampp\htdocs\Actividad_Codelgniter\app\Views\autores\autor.php(49): CodeIgniter\Debug\Exceptions->errorHandler(2, 'Undefined array...', 'C:\\xampp\\htdocs...', 49)
#1 C:\xampp\htdocs\Actividad_Codelgniter\system\View\View.php(210): include('C:\\xampp\\htdocs...')
#2 C:\xampp\htdocs\Actividad_Codelgniter\system\View\View.php(213): CodeIgniter\View\View->CodeIgniter\View\{closure}()
#3 C:\xampp\htdocs\Actividad_Codelgniter\system\Common.php(1089): CodeIgniter\View\View->render('autores/autor', Array, true)
#4 C:\xampp\htdocs\Actividad_Codelgniter\app\Controllers\Autores.php(12): view('autores/autor', Array)
#5 C:\xampp\htdocs\Actividad_Codelgniter\system\CodeIgniter.php(832): App\Controllers\Autores->cargarAutor()
#6 C:\xampp\htdocs\Actividad_Codelgniter\system\CodeIgniter.php(419): CodeIgniter\CodeIgniter->runController(Object(App\Controllers\Autores))
#7 C:\xampp\htdocs\Actividad_Codelgniter\system\CodeIgniter.php(326): CodeIgniter\CodeIgniter->handleRequest(NULL, Object(Config\Cache), false)
#8 C:\xampp\htdocs\Actividad_Codelgniter\public\index.php(37): CodeIgniter\CodeIgniter->run()
#9 {main}
CRITICAL - 2022-04-18 08:49:56 --> Undefined array key ""
#0 C:\xampp\htdocs\Actividad_Codelgniter\app\Views\autores\autor.php(49): CodeIgniter\Debug\Exceptions->errorHandler(2, 'Undefined array...', 'C:\\xampp\\htdocs...', 49)
#1 C:\xampp\htdocs\Actividad_Codelgniter\system\View\View.php(210): include('C:\\xampp\\htdocs...')
#2 C:\xampp\htdocs\Actividad_Codelgniter\system\View\View.php(213): CodeIgniter\View\View->CodeIgniter\View\{closure}()
#3 C:\xampp\htdocs\Actividad_Codelgniter\system\Common.php(1089): CodeIgniter\View\View->render('autores/autor', Array, true)
#4 C:\xampp\htdocs\Actividad_Codelgniter\app\Controllers\Autores.php(12): view('autores/autor', Array)
#5 C:\xampp\htdocs\Actividad_Codelgniter\system\CodeIgniter.php(832): App\Controllers\Autores->cargarAutor()
#6 C:\xampp\htdocs\Actividad_Codelgniter\system\CodeIgniter.php(419): CodeIgniter\CodeIgniter->runController(Object(App\Controllers\Autores))
#7 C:\xampp\htdocs\Actividad_Codelgniter\system\CodeIgniter.php(326): CodeIgniter\CodeIgniter->handleRequest(NULL, Object(Config\Cache), false)
#8 C:\xampp\htdocs\Actividad_Codelgniter\public\index.php(37): CodeIgniter\CodeIgniter->run()
#9 {main}
CRITICAL - 2022-04-18 09:00:26 --> Invalid file: empleados/lista_empleado.php
#0 C:\xampp\htdocs\Actividad_Codelgniter\system\View\View.php(198): CodeIgniter\Exceptions\FrameworkException::forInvalidFile('empleados/lista...')
#1 C:\xampp\htdocs\Actividad_Codelgniter\system\Common.php(1089): CodeIgniter\View\View->render('empleados/lista...', Array, true)
#2 C:\xampp\htdocs\Actividad_Codelgniter\app\Controllers\Empleados.php(13): view('empleados/lista...', Array)
#3 C:\xampp\htdocs\Actividad_Codelgniter\system\CodeIgniter.php(832): App\Controllers\Empleados->cargarEmpleados()
#4 C:\xampp\htdocs\Actividad_Codelgniter\system\CodeIgniter.php(419): CodeIgniter\CodeIgniter->runController(Object(App\Controllers\Empleados))
#5 C:\xampp\htdocs\Actividad_Codelgniter\system\CodeIgniter.php(326): CodeIgniter\CodeIgniter->handleRequest(NULL, Object(Config\Cache), false)
#6 C:\xampp\htdocs\Actividad_Codelgniter\public\index.php(37): CodeIgniter\CodeIgniter->run()
#7 {main}
CRITICAL - 2022-04-18 09:13:10 --> Undefined variable $misautores
#0 C:\xampp\htdocs\Actividad_Codelgniter\app\Views\editoriales\editorial.php(31): CodeIgniter\Debug\Exceptions->errorHandler(2, 'Undefined varia...', 'C:\\xampp\\htdocs...', 31)
#1 C:\xampp\htdocs\Actividad_Codelgniter\system\View\View.php(210): include('C:\\xampp\\htdocs...')
#2 C:\xampp\htdocs\Actividad_Codelgniter\system\View\View.php(213): CodeIgniter\View\View->CodeIgniter\View\{closure}()
#3 C:\xampp\htdocs\Actividad_Codelgniter\system\Common.php(1089): CodeIgniter\View\View->render('editoriales/edi...', Array, true)
#4 C:\xampp\htdocs\Actividad_Codelgniter\app\Controllers\Editoriales.php(13): view('editoriales/edi...', Array)
#5 C:\xampp\htdocs\Actividad_Codelgniter\system\CodeIgniter.php(832): App\Controllers\Editoriales->cargarEditoriales()
#6 C:\xampp\htdocs\Actividad_Codelgniter\system\CodeIgniter.php(419): CodeIgniter\CodeIgniter->runController(Object(App\Controllers\Editoriales))
#7 C:\xampp\htdocs\Actividad_Codelgniter\system\CodeIgniter.php(326): CodeIgniter\CodeIgniter->handleRequest(NULL, Object(Config\Cache), false)
#8 C:\xampp\htdocs\Actividad_Codelgniter\public\index.php(37): CodeIgniter\CodeIgniter->run()
#9 {main}
CRITICAL - 2022-04-18 09:37:17 --> Undefined variable $empleado
#0 C:\xampp\htdocs\Actividad_Codelgniter\app\Views\autores\nuevoautores.php(15): CodeIgniter\Debug\Exceptions->errorHandler(2, 'Undefined varia...', 'C:\\xampp\\htdocs...', 15)
#1 C:\xampp\htdocs\Actividad_Codelgniter\system\View\View.php(210): include('C:\\xampp\\htdocs...')
#2 C:\xampp\htdocs\Actividad_Codelgniter\system\View\View.php(213): CodeIgniter\View\View->CodeIgniter\View\{closure}()
#3 C:\xampp\htdocs\Actividad_Codelgniter\system\Common.php(1089): CodeIgniter\View\View->render('autores/nuevoau...', Array, true)
#4 C:\xampp\htdocs\Actividad_Codelgniter\app\Controllers\Autores.php(28): view('autores/nuevoau...')
#5 C:\xampp\htdocs\Actividad_Codelgniter\system\CodeIgniter.php(832): App\Controllers\Autores->verFormularioNuevoAutores()
#6 C:\xampp\htdocs\Actividad_Codelgniter\system\CodeIgniter.php(419): CodeIgniter\CodeIgniter->runController(Object(App\Controllers\Autores))
#7 C:\xampp\htdocs\Actividad_Codelgniter\system\CodeIgniter.php(326): CodeIgniter\CodeIgniter->handleRequest(NULL, Object(Config\Cache), false)
#8 C:\xampp\htdocs\Actividad_Codelgniter\public\index.php(37): CodeIgniter\CodeIgniter->run()
#9 {main}
CRITICAL - 2022-04-18 09:38:04 --> Undefined variable $empleado
#0 C:\xampp\htdocs\Actividad_Codelgniter\app\Views\autores\nuevoautores.php(15): CodeIgniter\Debug\Exceptions->errorHandler(2, 'Undefined varia...', 'C:\\xampp\\htdocs...', 15)
#1 C:\xampp\htdocs\Actividad_Codelgniter\system\View\View.php(210): include('C:\\xampp\\htdocs...')
#2 C:\xampp\htdocs\Actividad_Codelgniter\system\View\View.php(213): CodeIgniter\View\View->CodeIgniter\View\{closure}()
#3 C:\xampp\htdocs\Actividad_Codelgniter\system\Common.php(1089): CodeIgniter\View\View->render('autores/nuevoau...', Array, true)
#4 C:\xampp\htdocs\Actividad_Codelgniter\app\Controllers\Autores.php(28): view('autores/nuevoau...')
#5 C:\xampp\htdocs\Actividad_Codelgniter\system\CodeIgniter.php(832): App\Controllers\Autores->verFormularioNuevoAutores()
#6 C:\xampp\htdocs\Actividad_Codelgniter\system\CodeIgniter.php(419): CodeIgniter\CodeIgniter->runController(Object(App\Controllers\Autores))
#7 C:\xampp\htdocs\Actividad_Codelgniter\system\CodeIgniter.php(326): CodeIgniter\CodeIgniter->handleRequest(NULL, Object(Config\Cache), false)
#8 C:\xampp\htdocs\Actividad_Codelgniter\public\index.php(37): CodeIgniter\CodeIgniter->run()
#9 {main}
CRITICAL - 2022-04-18 09:38:06 --> Undefined variable $empleado
#0 C:\xampp\htdocs\Actividad_Codelgniter\app\Views\autores\nuevoautores.php(15): CodeIgniter\Debug\Exceptions->errorHandler(2, 'Undefined varia...', 'C:\\xampp\\htdocs...', 15)
#1 C:\xampp\htdocs\Actividad_Codelgniter\system\View\View.php(210): include('C:\\xampp\\htdocs...')
#2 C:\xampp\htdocs\Actividad_Codelgniter\system\View\View.php(213): CodeIgniter\View\View->CodeIgniter\View\{closure}()
#3 C:\xampp\htdocs\Actividad_Codelgniter\system\Common.php(1089): CodeIgniter\View\View->render('autores/nuevoau...', Array, true)
#4 C:\xampp\htdocs\Actividad_Codelgniter\app\Controllers\Autores.php(28): view('autores/nuevoau...')
#5 C:\xampp\htdocs\Actividad_Codelgniter\system\CodeIgniter.php(832): App\Controllers\Autores->verFormularioNuevoAutores()
#6 C:\xampp\htdocs\Actividad_Codelgniter\system\CodeIgniter.php(419): CodeIgniter\CodeIgniter->runController(Object(App\Controllers\Autores))
#7 C:\xampp\htdocs\Actividad_Codelgniter\system\CodeIgniter.php(326): CodeIgniter\CodeIgniter->handleRequest(NULL, Object(Config\Cache), false)
#8 C:\xampp\htdocs\Actividad_Codelgniter\public\index.php(37): CodeIgniter\CodeIgniter->run()
#9 {main}
CRITICAL - 2022-04-18 09:39:39 --> Undefined variable $autor
#0 C:\xampp\htdocs\Actividad_Codelgniter\app\Views\autores\nuevoautores.php(15): CodeIgniter\Debug\Exceptions->errorHandler(2, 'Undefined varia...', 'C:\\xampp\\htdocs...', 15)
#1 C:\xampp\htdocs\Actividad_Codelgniter\system\View\View.php(210): include('C:\\xampp\\htdocs...')
#2 C:\xampp\htdocs\Actividad_Codelgniter\system\View\View.php(213): CodeIgniter\View\View->CodeIgniter\View\{closure}()
#3 C:\xampp\htdocs\Actividad_Codelgniter\system\Common.php(1089): CodeIgniter\View\View->render('autores/nuevoau...', Array, true)
#4 C:\xampp\htdocs\Actividad_Codelgniter\app\Controllers\Autores.php(28): view('autores/nuevoau...')
#5 C:\xampp\htdocs\Actividad_Codelgniter\system\CodeIgniter.php(832): App\Controllers\Autores->verFormularioNuevoAutores()
#6 C:\xampp\htdocs\Actividad_Codelgniter\system\CodeIgniter.php(419): CodeIgniter\CodeIgniter->runController(Object(App\Controllers\Autores))
#7 C:\xampp\htdocs\Actividad_Codelgniter\system\CodeIgniter.php(326): CodeIgniter\CodeIgniter->handleRequest(NULL, Object(Config\Cache), false)
#8 C:\xampp\htdocs\Actividad_Codelgniter\public\index.php(37): CodeIgniter\CodeIgniter->run()
#9 {main}
CRITICAL - 2022-04-18 09:46:15 --> Undefined variable $misautores
#0 C:\xampp\htdocs\Actividad_Codelgniter\app\Views\autores\autor.php(35): CodeIgniter\Debug\Exceptions->errorHandler(2, 'Undefined varia...', 'C:\\xampp\\htdocs...', 35)
#1 C:\xampp\htdocs\Actividad_Codelgniter\system\View\View.php(210): include('C:\\xampp\\htdocs...')
#2 C:\xampp\htdocs\Actividad_Codelgniter\system\View\View.php(213): CodeIgniter\View\View->CodeIgniter\View\{closure}()
#3 C:\xampp\htdocs\Actividad_Codelgniter\system\Common.php(1089): CodeIgniter\View\View->render('autores/autor', Array, true)
#4 C:\xampp\htdocs\Actividad_Codelgniter\app\Controllers\Autores.php(50): view('autores/autor', Array)
#5 C:\xampp\htdocs\Actividad_Codelgniter\system\CodeIgniter.php(832): App\Controllers\Autores->guardarAutores()
#6 C:\xampp\htdocs\Actividad_Codelgniter\system\CodeIgniter.php(419): CodeIgniter\CodeIgniter->runController(Object(App\Controllers\Autores))
#7 C:\xampp\htdocs\Actividad_Codelgniter\system\CodeIgniter.php(326): CodeIgniter\CodeIgniter->handleRequest(NULL, Object(Config\Cache), false)
#8 C:\xampp\htdocs\Actividad_Codelgniter\public\index.php(37): CodeIgniter\CodeIgniter->run()
#9 {main}
ERROR - 2022-04-18 09:49:24 --> Duplicate entry '0' for key 'PRIMARY'
ERROR - 2022-04-18 09:49:41 --> Unknown column 'codigo_autor' in 'order clause'
CRITICAL - 2022-04-18 09:49:41 --> Call to a member function getResult() on bool
#0 C:\xampp\htdocs\Actividad_Codelgniter\system\BaseModel.php(584): CodeIgniter\Model->doFindAll(0, 0)
#1 C:\xampp\htdocs\Actividad_Codelgniter\app\Controllers\Autores.php(22): CodeIgniter\BaseModel->findAll()
#2 C:\xampp\htdocs\Actividad_Codelgniter\system\CodeIgniter.php(832): App\Controllers\Autores->eliminarEditorial()
#3 C:\xampp\htdocs\Actividad_Codelgniter\system\CodeIgniter.php(419): CodeIgniter\CodeIgniter->runController(Object(App\Controllers\Autores))
#4 C:\xampp\htdocs\Actividad_Codelgniter\system\CodeIgniter.php(326): CodeIgniter\CodeIgniter->handleRequest(NULL, Object(Config\Cache), false)
#5 C:\xampp\htdocs\Actividad_Codelgniter\public\index.php(37): CodeIgniter\CodeIgniter->run()
#6 {main}
ERROR - 2022-04-18 09:49:48 --> Duplicate entry '0' for key 'PRIMARY'
ERROR - 2022-04-18 09:49:51 --> Duplicate entry '0' for key 'PRIMARY'
ERROR - 2022-04-18 09:49:52 --> Duplicate entry '0' for key 'PRIMARY'
ERROR - 2022-04-18 09:49:56 --> Unknown column 'codigo_autor' in 'order clause'
CRITICAL - 2022-04-18 09:49:56 --> Call to a member function getResult() on bool
#0 C:\xampp\htdocs\Actividad_Codelgniter\system\BaseModel.php(584): CodeIgniter\Model->doFindAll(0, 0)
#1 C:\xampp\htdocs\Actividad_Codelgniter\app\Controllers\Autores.php(22): CodeIgniter\BaseModel->findAll()
#2 C:\xampp\htdocs\Actividad_Codelgniter\system\CodeIgniter.php(832): App\Controllers\Autores->eliminarEditorial()
#3 C:\xampp\htdocs\Actividad_Codelgniter\system\CodeIgniter.php(419): CodeIgniter\CodeIgniter->runController(Object(App\Controllers\Autores))
#4 C:\xampp\htdocs\Actividad_Codelgniter\system\CodeIgniter.php(326): CodeIgniter\CodeIgniter->handleRequest(NULL, Object(Config\Cache), false)
#5 C:\xampp\htdocs\Actividad_Codelgniter\public\index.php(37): CodeIgniter\CodeIgniter->run()
#6 {main}
ERROR - 2022-04-18 09:50:53 --> Duplicate entry '0' for key 'PRIMARY'
ERROR - 2022-04-18 09:50:55 --> Duplicate entry '0' for key 'PRIMARY'
CRITICAL - 2022-04-18 09:53:07 --> Undefined variable $txtDireccion
#0 C:\xampp\htdocs\Actividad_Codelgniter\app\Controllers\Autores.php(43): CodeIgniter\Debug\Exceptions->errorHandler(2, 'Undefined varia...', 'C:\\xampp\\htdocs...', 43)
#1 C:\xampp\htdocs\Actividad_Codelgniter\system\CodeIgniter.php(832): App\Controllers\Autores->guardarAutores()
#2 C:\xampp\htdocs\Actividad_Codelgniter\system\CodeIgniter.php(419): CodeIgniter\CodeIgniter->runController(Object(App\Controllers\Autores))
#3 C:\xampp\htdocs\Actividad_Codelgniter\system\CodeIgniter.php(326): CodeIgniter\CodeIgniter->handleRequest(NULL, Object(Config\Cache), false)
#4 C:\xampp\htdocs\Actividad_Codelgniter\public\index.php(37): CodeIgniter\CodeIgniter->run()
#5 {main}
ERROR - 2022-04-18 09:56:15 --> Duplicate entry '0' for key 'PRIMARY'
ERROR - 2022-04-18 10:04:58 --> Duplicate entry '1008' for key 'PRIMARY'
ERROR - 2022-04-18 10:05:06 --> Duplicate entry '1008' for key 'PRIMARY'
ERROR - 2022-04-18 10:05:08 --> Duplicate entry '1008' for key 'PRIMARY'
ERROR - 2022-04-18 10:06:17 --> Duplicate entry '1008' for key 'PRIMARY'
CRITICAL - 2022-04-18 10:06:17 --> Undefined array key "codigo:autor"
#0 C:\xampp\htdocs\Actividad_Codelgniter\app\Views\autores\autor.php(51): CodeIgniter\Debug\Exceptions->errorHandler(2, 'Undefined array...', 'C:\\xampp\\htdocs...', 51)
#1 C:\xampp\htdocs\Actividad_Codelgniter\system\View\View.php(210): include('C:\\xampp\\htdocs...')
#2 C:\xampp\htdocs\Actividad_Codelgniter\system\View\View.php(213): CodeIgniter\View\View->CodeIgniter\View\{closure}()
#3 C:\xampp\htdocs\Actividad_Codelgniter\system\Common.php(1089): CodeIgniter\View\View->render('autores/autor', Array, true)
#4 C:\xampp\htdocs\Actividad_Codelgniter\app\Controllers\Autores.php(50): view('autores/autor', Array)
#5 C:\xampp\htdocs\Actividad_Codelgniter\system\CodeIgniter.php(832): App\Controllers\Autores->guardarAutores()
#6 C:\xampp\htdocs\Actividad_Codelgniter\system\CodeIgniter.php(419): CodeIgniter\CodeIgniter->runController(Object(App\Controllers\Autores))
#7 C:\xampp\htdocs\Actividad_Codelgniter\system\CodeIgniter.php(326): CodeIgniter\CodeIgniter->handleRequest(NULL, Object(Config\Cache), false)
#8 C:\xampp\htdocs\Actividad_Codelgniter\public\index.php(37): CodeIgniter\CodeIgniter->run()
#9 {main}
CRITICAL - 2022-04-18 10:31:37 --> Undefined variable $empleado
#0 C:\xampp\htdocs\Actividad_Codelgniter\app\Views\autores\editarautores.php(15): CodeIgniter\Debug\Exceptions->errorHandler(2, 'Undefined varia...', 'C:\\xampp\\htdocs...', 15)
#1 C:\xampp\htdocs\Actividad_Codelgniter\system\View\View.php(210): include('C:\\xampp\\htdocs...')
#2 C:\xampp\htdocs\Actividad_Codelgniter\system\View\View.php(213): CodeIgniter\View\View->CodeIgniter\View\{closure}()
#3 C:\xampp\htdocs\Actividad_Codelgniter\system\Common.php(1089): CodeIgniter\View\View->render('autores/editara...', Array, true)
#4 C:\xampp\htdocs\Actividad_Codelgniter\app\Controllers\Autores.php(56): view('autores/editara...', Array)
#5 C:\xampp\htdocs\Actividad_Codelgniter\system\CodeIgniter.php(832): App\Controllers\Autores->actualizarAutores('11')
#6 C:\xampp\htdocs\Actividad_Codelgniter\system\CodeIgniter.php(419): CodeIgniter\CodeIgniter->runController(Object(App\Controllers\Autores))
#7 C:\xampp\htdocs\Actividad_Codelgniter\system\CodeIgniter.php(326): CodeIgniter\CodeIgniter->handleRequest(NULL, Object(Config\Cache), false)
#8 C:\xampp\htdocs\Actividad_Codelgniter\public\index.php(37): CodeIgniter\CodeIgniter->run()
#9 {main}
CRITICAL - 2022-04-18 10:34:02 --> Undefined variable $autor
#0 C:\xampp\htdocs\Actividad_Codelgniter\app\Views\autores\editarautores.php(15): CodeIgniter\Debug\Exceptions->errorHandler(2, 'Undefined varia...', 'C:\\xampp\\htdocs...', 15)
#1 C:\xampp\htdocs\Actividad_Codelgniter\system\View\View.php(210): include('C:\\xampp\\htdocs...')
#2 C:\xampp\htdocs\Actividad_Codelgniter\system\View\View.php(213): CodeIgniter\View\View->CodeIgniter\View\{closure}()
#3 C:\xampp\htdocs\Actividad_Codelgniter\system\Common.php(1089): CodeIgniter\View\View->render('autores/editara...', Array, true)
#4 C:\xampp\htdocs\Actividad_Codelgniter\app\Controllers\Autores.php(56): view('autores/editara...', Array)
#5 C:\xampp\htdocs\Actividad_Codelgniter\system\CodeIgniter.php(832): App\Controllers\Autores->actualizarAutores('11')
#6 C:\xampp\htdocs\Actividad_Codelgniter\system\CodeIgniter.php(419): CodeIgniter\CodeIgniter->runController(Object(App\Controllers\Autores))
#7 C:\xampp\htdocs\Actividad_Codelgniter\system\CodeIgniter.php(326): CodeIgniter\CodeIgniter->handleRequest(NULL, Object(Config\Cache), false)
#8 C:\xampp\htdocs\Actividad_Codelgniter\public\index.php(37): CodeIgniter\CodeIgniter->run()
#9 {main}
ERROR - 2022-04-18 11:16:22 --> Unknown column 'cogigo_editorial' in 'field list'
CRITICAL - 2022-04-18 11:16:22 --> Undefined variable $Editorial
#0 C:\xampp\htdocs\Actividad_Codelgniter\app\Views\editoriales\editorial.php(36): CodeIgniter\Debug\Exceptions->errorHandler(2, 'Undefined varia...', 'C:\\xampp\\htdocs...', 36)
#1 C:\xampp\htdocs\Actividad_Codelgniter\system\View\View.php(210): include('C:\\xampp\\htdocs...')
#2 C:\xampp\htdocs\Actividad_Codelgniter\system\View\View.php(213): CodeIgniter\View\View->CodeIgniter\View\{closure}()
#3 C:\xampp\htdocs\Actividad_Codelgniter\system\Common.php(1089): CodeIgniter\View\View->render('editoriales/edi...', Array, true)
#4 C:\xampp\htdocs\Actividad_Codelgniter\app\Controllers\Editoriales.php(51): view('editoriales/edi...', Array)
#5 C:\xampp\htdocs\Actividad_Codelgniter\system\CodeIgniter.php(832): App\Controllers\Editoriales->guardarEdiditoriales()
#6 C:\xampp\htdocs\Actividad_Codelgniter\system\CodeIgniter.php(419): CodeIgniter\CodeIgniter->runController(Object(App\Controllers\Editoriales))
#7 C:\xampp\htdocs\Actividad_Codelgniter\system\CodeIgniter.php(326): CodeIgniter\CodeIgniter->handleRequest(NULL, Object(Config\Cache), false)
#8 C:\xampp\htdocs\Actividad_Codelgniter\public\index.php(37): CodeIgniter\CodeIgniter->run()
#9 {main}
ERROR - 2022-04-18 11:17:07 --> Unknown column 'cogigo_editorial' in 'field list'
ERROR - 2022-04-18 11:17:09 --> Unknown column 'cogigo_editorial' in 'field list'
ERROR - 2022-04-18 11:17:18 --> Unknown column 'cogigo_editorial' in 'field list'
ERROR - 2022-04-18 11:17:23 --> Unknown column 'cogigo_editorial' in 'field list'
ERROR - 2022-04-18 11:18:00 --> Unknown column 'cogigo_editorial' in 'field list'
ERROR - 2022-04-18 11:22:43 --> Unknown column 'editoriales.cogigo_editorial' in 'where clause'
ERROR - 2022-04-18 11:22:45 --> Unknown column 'editoriales.cogigo_editorial' in 'where clause'
ERROR - 2022-04-18 11:23:00 --> Unknown column 'editoriales.cogigo_editorial' in 'where clause'
ERROR - 2022-04-18 11:23:07 --> Unknown column 'editoriales.cogigo_editorial' in 'where clause'
ERROR - 2022-04-18 11:23:21 --> Unknown column 'cogigo_editorial' in 'field list'
ERROR - 2022-04-18 11:27:51 --> Unknown column 'cogigo_editorial' in 'field list'
ERROR - 2022-04-18 11:27:52 --> Unknown column 'cogigo_editorial' in 'field list'
ERROR - 2022-04-18 11:28:13 --> Unknown column 'cogigo_editorial' in 'field list'
ERROR - 2022-04-18 11:28:16 --> Unknown column 'cogigo_editorial' in 'where clause'
ERROR - 2022-04-18 11:28:20 --> Unknown column 'cogigo_editorial' in 'where clause'
ERROR - 2022-04-18 11:33:03 --> Unknown column 'cogigo_editorial' in 'where clause'
ERROR - 2022-04-18 11:33:05 --> Unknown column 'cogigo_editorial' in 'where clause'
ERROR - 2022-04-18 11:33:08 --> Unknown column 'cogigo_editorial' in 'where clause'
ERROR - 2022-04-18 11:33:11 --> Unknown column 'cogigo_editorial' in 'where clause'
ERROR - 2022-04-18 11:33:13 --> Unknown column 'cogigo_editorial' in 'where clause'
ERROR - 2022-04-18 12:00:53 --> Unknown column 'cogigo_editorial' in 'where clause'
ERROR - 2022-04-18 12:05:47 --> Unknown column 'cogigo_editorial' in 'field list'
ERROR - 2022-04-18 12:06:19 --> Unknown column 'cogigo_editorial' in 'field list'
ERROR - 2022-04-18 12:06:45 --> Unknown column 'cogigo_editorial' in 'field list'
ERROR - 2022-04-18 12:06:50 --> Unknown column 'cogigo_editorial' in 'field list'
